14:31:53.675 [main] INFO  com.blockchain.Application - Starting Application on YumiradeMacBook-Pro.local with PID 2897 (/Users/Yumira/JavaWorkspace/PowDemo/target/classes started by Yumira in /Users/Yumira/JavaWorkspace/PowDemo)
14:31:53.681 [main] INFO  com.blockchain.Application - No active profile set, falling back to default profiles: default
14:31:53.780 [main] INFO  o.s.b.c.e.AnnotationConfigEmbeddedWebApplicationContext - Refreshing org.springframework.boot.context.embedded.AnnotationConfigEmbeddedWebApplicationContext@73a1e9a9: startup date [Thu Jul 26 14:31:53 CST 2018]; root of context hierarchy
14:31:54.174 [background-preinit] INFO  o.h.validator.internal.util.Version - HV000001: Hibernate Validator 5.3.6.Final
14:31:54.541 [main] INFO  o.s.b.f.s.DefaultListableBeanFactory - Overriding bean definition for bean 'dataSource' with a different definition: replacing [Root bean: class [null]; scope=; abstract=false; lazyInit=false; autowireMode=3; dependencyCheck=0; autowireCandidate=true; primary=false; factoryBeanName=org.springframework.boot.autoconfigure.jdbc.DataSourceConfiguration$Dbcp2; factoryMethodName=dataSource; initMethodName=null; destroyMethodName=(inferred); defined in class path resource [org/springframework/boot/autoconfigure/jdbc/DataSourceConfiguration$Dbcp2.class]] with [Root bean: class [null]; scope=; abstract=false; lazyInit=false; autowireMode=3; dependencyCheck=0; autowireCandidate=true; primary=false; factoryBeanName=org.springframework.boot.autoconfigure.jdbc.DataSourceConfiguration$Tomcat; factoryMethodName=dataSource; initMethodName=null; destroyMethodName=(inferred); defined in class path resource [org/springframework/boot/autoconfigure/jdbc/DataSourceConfiguration$Tomcat.class]]
14:31:55.032 [main] INFO  o.s.c.s.PostProcessorRegistrationDelegate$BeanPostProcessorChecker - Bean 'org.springframework.transaction.annotation.ProxyTransactionManagementConfiguration' of type [org.springframework.transaction.annotation.ProxyTransactionManagementConfiguration$$EnhancerBySpringCGLIB$$eb15e913] is not eligible for getting processed by all BeanPostProcessors (for example: not eligible for auto-proxying)
14:31:55.692 [main] INFO  o.s.b.c.e.t.TomcatEmbeddedServletContainer - Tomcat initialized with port(s): 8080 (http)
14:31:55.706 [main] INFO  o.a.catalina.core.StandardService - Starting service [Tomcat]
14:31:55.708 [main] INFO  o.a.catalina.core.StandardEngine - Starting Servlet Engine: Apache Tomcat/8.5.27
14:31:55.871 [localhost-startStop-1] INFO  o.a.c.c.C.[Tomcat].[localhost].[/] - Initializing Spring embedded WebApplicationContext
14:31:55.871 [localhost-startStop-1] INFO  o.s.web.context.ContextLoader - Root WebApplicationContext: initialization completed in 2091 ms
14:31:56.031 [localhost-startStop-1] INFO  o.s.b.w.s.ServletRegistrationBean - Mapping servlet: 'dispatcherServlet' to [/]
14:31:56.035 [localhost-startStop-1] INFO  o.s.b.w.s.FilterRegistrationBean - Mapping filter: 'characterEncodingFilter' to: [/*]
14:31:56.036 [localhost-startStop-1] INFO  o.s.b.w.s.FilterRegistrationBean - Mapping filter: 'hiddenHttpMethodFilter' to: [/*]
14:31:56.036 [localhost-startStop-1] INFO  o.s.b.w.s.FilterRegistrationBean - Mapping filter: 'httpPutFormContentFilter' to: [/*]
14:31:56.037 [localhost-startStop-1] INFO  o.s.b.w.s.FilterRegistrationBean - Mapping filter: 'requestContextFilter' to: [/*]
14:31:56.736 [main] INFO  o.s.o.j.LocalContainerEntityManagerFactoryBean - Building JPA container EntityManagerFactory for persistence unit 'default'
14:31:56.831 [main] INFO  o.h.jpa.internal.util.LogHelper - HHH000204: Processing PersistenceUnitInfo [
	name: default
	...]
14:31:56.895 [main] INFO  org.hibernate.Version - HHH000412: Hibernate Core {5.0.12.Final}
14:31:56.896 [main] INFO  org.hibernate.cfg.Environment - HHH000206: hibernate.properties not found
14:31:56.898 [main] INFO  org.hibernate.cfg.Environment - HHH000021: Bytecode provider name : javassist
14:31:56.935 [main] INFO  o.h.annotations.common.Version - HCANN000001: Hibernate Commons Annotations {5.0.1.Final}
14:31:57.084 [main] INFO  org.hibernate.dialect.Dialect - HHH000400: Using dialect: org.hibernate.dialect.MySQL5Dialect
14:31:57.110 [main] INFO  o.h.e.j.e.i.LobCreatorBuilderImpl - HHH000423: Disabling contextual LOB creation as JDBC driver reported JDBC version [3] less than 4
14:31:57.267 [main] INFO  o.h.tool.hbm2ddl.SchemaUpdate - HHH000228: Running hbm2ddl schema update
14:31:57.313 [main] INFO  o.s.o.j.LocalContainerEntityManagerFactoryBean - Initialized JPA EntityManagerFactory for persistence unit 'default'
14:31:57.888 [main] INFO  o.s.w.s.m.m.a.RequestMappingHandlerAdapter - Looking for @ControllerAdvice: org.springframework.boot.context.embedded.AnnotationConfigEmbeddedWebApplicationContext@73a1e9a9: startup date [Thu Jul 26 14:31:53 CST 2018]; root of context hierarchy
14:31:57.973 [main] INFO  o.s.w.s.m.m.a.RequestMappingHandlerMapping - Mapped "{[/account],methods=[POST]}" onto public com.blockchain.base.BaseData com.blockchain.core.controller.AccountController.getAccount(java.lang.String)
14:31:57.974 [main] INFO  o.s.w.s.m.m.a.RequestMappingHandlerMapping - Mapped "{[/account/new],methods=[POST]}" onto public com.blockchain.base.BaseData com.blockchain.core.controller.AccountController.newAccount() throws java.lang.Exception
14:31:57.974 [main] INFO  o.s.w.s.m.m.a.RequestMappingHandlerMapping - Mapped "{[/account/coinbase/get],methods=[GET]}" onto public com.blockchain.base.BaseData com.blockchain.core.controller.AccountController.coinbase()
14:31:57.974 [main] INFO  o.s.w.s.m.m.a.RequestMappingHandlerMapping - Mapped "{[/account/coinbase/set],methods=[POST]}" onto public com.blockchain.base.BaseData com.blockchain.core.controller.AccountController.setCoinbase(java.util.Map<java.lang.String, java.lang.String>)
14:31:57.976 [main] INFO  o.s.w.s.m.m.a.RequestMappingHandlerMapping - Mapped "{[/error]}" onto public org.springframework.http.ResponseEntity<java.util.Map<java.lang.String, java.lang.Object>> org.springframework.boot.autoconfigure.web.BasicErrorController.error(javax.servlet.http.HttpServletRequest)
14:31:57.976 [main] INFO  o.s.w.s.m.m.a.RequestMappingHandlerMapping - Mapped "{[/error],produces=[text/html]}" onto public org.springframework.web.servlet.ModelAndView org.springframework.boot.autoconfigure.web.BasicErrorController.errorHtml(javax.servlet.http.HttpServletRequest,javax.servlet.http.HttpServletResponse)
14:31:58.006 [main] INFO  o.s.w.s.h.SimpleUrlHandlerMapping - Mapped URL path [/webjars/**] onto handler of type [class org.springframework.web.servlet.resource.ResourceHttpRequestHandler]
14:31:58.007 [main] INFO  o.s.w.s.h.SimpleUrlHandlerMapping - Mapped URL path [/**] onto handler of type [class org.springframework.web.servlet.resource.ResourceHttpRequestHandler]
14:31:58.043 [main] INFO  o.s.w.s.h.SimpleUrlHandlerMapping - Mapped URL path [/**/favicon.ico] onto handler of type [class org.springframework.web.servlet.resource.ResourceHttpRequestHandler]
14:31:58.345 [main] INFO  o.s.j.e.a.AnnotationMBeanExporter - Registering beans for JMX exposure on startup
14:31:58.362 [main] INFO  o.a.coyote.http11.Http11NioProtocol - Initializing ProtocolHandler ["http-nio-8080"]
14:31:58.375 [main] INFO  o.a.coyote.http11.Http11NioProtocol - Starting ProtocolHandler ["http-nio-8080"]
14:31:58.405 [main] INFO  o.a.tomcat.util.net.NioSelectorPool - Using a shared selector for servlet write/read
14:31:58.424 [main] INFO  o.s.b.c.e.t.TomcatEmbeddedServletContainer - Tomcat started on port(s): 8080 (http)
14:31:58.429 [main] INFO  com.blockchain.Application - Started Application in 5.429 seconds (JVM running for 5.962)
14:32:05.309 [Thread-5] INFO  o.s.b.c.e.AnnotationConfigEmbeddedWebApplicationContext - Closing org.springframework.boot.context.embedded.AnnotationConfigEmbeddedWebApplicationContext@73a1e9a9: startup date [Thu Jul 26 14:31:53 CST 2018]; root of context hierarchy
14:32:05.310 [Thread-5] INFO  o.s.j.e.a.AnnotationMBeanExporter - Unregistering JMX-exposed beans on shutdown
14:32:05.322 [Thread-5] INFO  o.s.o.j.LocalContainerEntityManagerFactoryBean - Closing JPA EntityManagerFactory for persistence unit 'default'
